<?xml version="1.0" encoding="UTF-8"?>
<testng-results skipped="0" failed="0" ignored="0" total="1" passed="1">
  <reporter-output>
  </reporter-output>
  <suite name="Default suite" duration-ms="44012" started-at="2017-10-17T08:04:23Z" finished-at="2017-10-17T08:05:07Z">
    <groups>
    </groups>
    <test name="Default test" duration-ms="44012" started-at="2017-10-17T08:04:23Z" finished-at="2017-10-17T08:05:07Z">
      <class name="Testing.Elements">
        <test-method status="PASS" signature="Login()[pri:0, instance:Testing.Elements@71423665]" name="Login" duration-ms="43987" started-at="2017-10-17T13:34:23Z" finished-at="2017-10-17T13:35:07Z">
          <reporter-output>
          </reporter-output>
        </test-method> <!-- Login -->
      </class> <!-- Testing.Elements -->
    </test> <!-- Default test -->
  </suite> <!-- Default suite -->
</testng-results>
